[INFO] 2025-05-29T07:35:00.589Z: Server started successfully
[INFO] 2025-05-29T07:35:00.598Z: API server running on port 3001
[INFO] 2025-05-29T07:35:00.599Z: Email configuration: smtp.example.com:587
[INFO] 2025-05-29T07:35:00.599Z: Next.js API URL: http://localhost:3000
[INFO] 2025-05-29T07:36:20.463Z: POST /api/test
[INFO] 2025-05-29T07:36:27.481Z: GET /api/test
[INFO] 2025-05-29T07:36:27.483Z: Received request to /api/test
[INFO] 2025-05-29T07:37:01.137Z: POST /api/send-email
[INFO] 2025-05-29T07:37:01.138Z: Received request to /api/send-email
[INFO] 2025-05-29T07:37:01.140Z: Validating email request
[INFO] 2025-05-29T07:37:01.141Z: Preparing to send email to: test@example.com
[INFO] 2025-05-29T07:37:01.141Z: Creating email transporter
[INFO] 2025-05-29T07:37:01.231Z: Using default from address: 772000946salahi@gmail.com
[INFO] 2025-05-29T07:37:01.232Z: Verifying email transport connection
[INFO] 2025-05-29T07:39:26.670Z: Server started successfully
[INFO] 2025-05-29T07:39:26.673Z: API server running on port 3001
[INFO] 2025-05-29T07:39:26.673Z: Email configuration: smtp.example.com:587
[INFO] 2025-05-29T07:39:26.674Z: Next.js API URL: http://localhost:3000
[INFO] 2025-05-29T07:39:32.650Z: POST /api/send-email
[INFO] 2025-05-29T07:39:32.650Z: Received request to /api/send-email
[INFO] 2025-05-29T07:39:32.651Z: Validating email request
[INFO] 2025-05-29T07:39:32.652Z: Preparing to send email to: test@example.com
[INFO] 2025-05-29T07:39:32.652Z: Creating email transporter
[INFO] 2025-05-29T07:39:32.660Z: Using default from address: 772000946salahi@gmail.com
[INFO] 2025-05-29T07:39:32.661Z: Verifying email transport connection
[INFO] 2025-05-29T07:50:11.462Z: POST /api/send-email
[INFO] 2025-05-29T07:50:11.476Z: Received request to /api/send-email
[INFO] 2025-05-29T07:50:11.477Z: Validating email request
[INFO] 2025-05-29T07:50:11.477Z: Preparing to send email to: test@example.com
[INFO] 2025-05-29T07:50:11.478Z: Creating email transporter
[INFO] 2025-05-29T07:50:11.484Z: Using default from address: 772000946salahi@gmail.com
[INFO] 2025-05-29T07:50:11.485Z: Verifying email transport connection
[INFO] 2025-05-29T07:50:34.603Z: Server started successfully
[INFO] 2025-05-29T07:50:34.612Z: API server running on port 3001
[INFO] 2025-05-29T07:50:34.612Z: Email configuration: smtp.example.com:587
[INFO] 2025-05-29T07:50:34.612Z: Next.js API URL: http://localhost:3000
[INFO] 2025-05-29T07:50:37.882Z: POST /api/send-email
[INFO] 2025-05-29T07:50:37.883Z: Received request to /api/send-email
[INFO] 2025-05-29T07:50:37.885Z: Validating email request
[INFO] 2025-05-29T07:50:37.886Z: Preparing to send email to: test@example.com
[INFO] 2025-05-29T07:50:37.886Z: Creating email transporter
[INFO] 2025-05-29T07:50:37.896Z: Using default from address: 772000946salahi@gmail.com
[INFO] 2025-05-29T07:50:37.897Z: Verifying email transport connection
[INFO] 2025-05-29T07:52:46.127Z: Server started successfully
[INFO] 2025-05-29T07:52:46.131Z: API server running on port 3001
[INFO] 2025-05-29T07:52:46.132Z: Email configuration: smtp.example.com:587
[INFO] 2025-05-29T07:52:46.132Z: Next.js API URL: http://localhost:3000
[INFO] 2025-05-29T07:52:51.208Z: POST /api/send-email
[INFO] 2025-05-29T07:52:51.209Z: Received request to /api/send-email
[INFO] 2025-05-29T07:52:51.210Z: Validating email request
[INFO] 2025-05-29T07:52:51.211Z: Preparing to send email to: test@example.com
[INFO] 2025-05-29T07:52:51.212Z: Creating email transporter
[INFO] 2025-05-29T07:52:51.219Z: Using default from address: 772000946salahi@gmail.com
[INFO] 2025-05-29T07:52:51.220Z: Verifying email transport connection
[INFO] 2025-05-29T07:56:52.880Z: POST /api/send-email?mock=true
[INFO] 2025-05-29T07:56:52.881Z: Received request to /api/send-email
[INFO] 2025-05-29T07:56:52.882Z: Validating email request
[INFO] 2025-05-29T07:56:52.883Z: Preparing to send email to: test@example.com
[INFO] 2025-05-29T07:56:52.883Z: Creating email transporter
[INFO] 2025-05-29T07:56:52.885Z: Using default from address: 772000946salahi@gmail.com
[INFO] 2025-05-29T07:56:52.886Z: Verifying email transport connection
[INFO] 2025-05-29T07:57:48.099Z: Server started successfully
[INFO] 2025-05-29T07:57:48.103Z: API server running on port 3001
[INFO] 2025-05-29T07:57:48.104Z: Email configuration: smtp.example.com:587
[INFO] 2025-05-29T07:57:48.104Z: Next.js API URL: http://localhost:3000
[INFO] 2025-05-29T07:58:02.485Z: POST /api/send-email?mock=true
[INFO] 2025-05-29T07:58:02.486Z: Received request to /api/send-email
[INFO] 2025-05-29T07:58:02.487Z: Validating email request
[INFO] 2025-05-29T07:58:02.532Z: [MOCK] Preparing to send email to: test@example.com
[INFO] 2025-05-29T07:58:03.080Z: [MOCK] Email sent successfully
[INFO] 2025-05-29T07:58:03.082Z: Used mock email sending mode
[INFO] 2025-05-29T07:58:03.083Z: Successfully sent email, returning response
[INFO] 2025-05-29T07:58:39.494Z: POST /api/send-email
[INFO] 2025-05-29T07:58:39.495Z: Received request to /api/send-email
[INFO] 2025-05-29T07:58:39.495Z: Validating email request
[INFO] 2025-05-29T07:58:39.496Z: Preparing to send email to: test@example.com
[INFO] 2025-05-29T07:58:39.496Z: Creating email transporter
[INFO] 2025-05-29T07:58:39.505Z: Using default from address: 772000946salahi@gmail.com
[INFO] 2025-05-29T07:58:39.507Z: Verifying email transport connection
[ERROR] 2025-05-29T07:58:49.522Z: Email transport verification failed:
Error: Connection verification timed out after 10 seconds
    at Timeout._onTimeout (file:///E:/Isianpadu%20Work/email%20dahsbord/email%20template/editor-sample/src/App/api/server.js:140:16)
    at listOnTimeout (node:internal/timers:581:17)
    at process.processTimers (node:internal/timers:519:7)
[ERROR] 2025-05-29T07:58:49.555Z: Error in sendMail:
Error: Failed to verify email transport: Connection verification timed out after 10 seconds
    at sendMail (file:///E:/Isianpadu%20Work/email%20dahsbord/email%20template/editor-sample/src/App/api/server.js:149:13)
    at async file:///E:/Isianpadu%20Work/email%20dahsbord/email%20template/editor-sample/src/App/api/server.js:229:14
[ERROR] 2025-05-29T07:58:49.555Z: Error sending email:
Error: Failed to verify email transport: Connection verification timed out after 10 seconds
    at sendMail (file:///E:/Isianpadu%20Work/email%20dahsbord/email%20template/editor-sample/src/App/api/server.js:149:13)
    at async file:///E:/Isianpadu%20Work/email%20dahsbord/email%20template/editor-sample/src/App/api/server.js:229:14
[INFO] 2025-05-29T07:59:13.618Z: POST /api/send-email
[INFO] 2025-05-29T07:59:13.619Z: Received request to /api/send-email
[INFO] 2025-05-29T07:59:13.620Z: Validating email request
[INFO] 2025-05-29T07:59:13.620Z: Preparing to send email to: test@example.com
[INFO] 2025-05-29T07:59:13.621Z: Creating email transporter
[INFO] 2025-05-29T07:59:13.622Z: Using default from address: 772000946salahi@gmail.com
[INFO] 2025-05-29T07:59:13.623Z: Verifying email transport connection
[ERROR] 2025-05-29T07:59:23.628Z: Email transport verification failed:
Error: Connection verification timed out after 10 seconds
    at Timeout._onTimeout (file:///E:/Isianpadu%20Work/email%20dahsbord/email%20template/editor-sample/src/App/api/server.js:140:16)
    at listOnTimeout (node:internal/timers:581:17)
    at process.processTimers (node:internal/timers:519:7)
[ERROR] 2025-05-29T07:59:23.629Z: Error in sendMail:
Error: Failed to verify email transport: Connection verification timed out after 10 seconds
    at sendMail (file:///E:/Isianpadu%20Work/email%20dahsbord/email%20template/editor-sample/src/App/api/server.js:149:13)
    at async file:///E:/Isianpadu%20Work/email%20dahsbord/email%20template/editor-sample/src/App/api/server.js:229:14
[ERROR] 2025-05-29T07:59:23.630Z: Error sending email:
Error: Failed to verify email transport: Connection verification timed out after 10 seconds
    at sendMail (file:///E:/Isianpadu%20Work/email%20dahsbord/email%20template/editor-sample/src/App/api/server.js:149:13)
    at async file:///E:/Isianpadu%20Work/email%20dahsbord/email%20template/editor-sample/src/App/api/server.js:229:14
[INFO] 2025-05-29T07:59:41.556Z: POST /api/send-email
[INFO] 2025-05-29T07:59:41.557Z: Received request to /api/send-email
[INFO] 2025-05-29T07:59:41.558Z: Validating email request
[INFO] 2025-05-29T07:59:41.559Z: Preparing to send email to: test@example.com
[INFO] 2025-05-29T07:59:41.559Z: Creating email transporter
[INFO] 2025-05-29T07:59:41.560Z: Using default from address: 772000946salahi@gmail.com
[INFO] 2025-05-29T07:59:41.561Z: Verifying email transport connection
[ERROR] 2025-05-29T07:59:51.567Z: Email transport verification failed:
Error: Connection verification timed out after 10 seconds
    at Timeout._onTimeout (file:///E:/Isianpadu%20Work/email%20dahsbord/email%20template/editor-sample/src/App/api/server.js:140:16)
    at listOnTimeout (node:internal/timers:581:17)
    at process.processTimers (node:internal/timers:519:7)
[ERROR] 2025-05-29T07:59:51.568Z: Error in sendMail:
Error: Failed to verify email transport: Connection verification timed out after 10 seconds
    at sendMail (file:///E:/Isianpadu%20Work/email%20dahsbord/email%20template/editor-sample/src/App/api/server.js:149:13)
    at async file:///E:/Isianpadu%20Work/email%20dahsbord/email%20template/editor-sample/src/App/api/server.js:229:14
[ERROR] 2025-05-29T07:59:51.569Z: Error sending email:
Error: Failed to verify email transport: Connection verification timed out after 10 seconds
    at sendMail (file:///E:/Isianpadu%20Work/email%20dahsbord/email%20template/editor-sample/src/App/api/server.js:149:13)
    at async file:///E:/Isianpadu%20Work/email%20dahsbord/email%20template/editor-sample/src/App/api/server.js:229:14
[INFO] 2025-05-29T08:02:35.499Z: Server started successfully
[INFO] 2025-05-29T08:02:35.505Z: API server running on port 3001
[INFO] 2025-05-29T08:02:35.506Z: Email configuration: smtp.example.com:587
[INFO] 2025-05-29T08:02:35.506Z: Next.js API URL: http://localhost:3000
[INFO] 2025-05-29T08:02:39.842Z: POST /api/send-email
[INFO] 2025-05-29T08:02:39.845Z: Received request to /api/send-email
[INFO] 2025-05-29T08:02:39.845Z: Validating email request
[INFO] 2025-05-29T08:02:39.846Z: Preparing to send email to: test@example.com
[INFO] 2025-05-29T08:02:39.847Z: Creating email transporter
[INFO] 2025-05-29T08:02:39.854Z: Using default from address: 772000946salahi@gmail.com
[INFO] 2025-05-29T08:02:39.854Z: Verifying email transport connection
[ERROR] 2025-05-29T08:02:49.863Z: Email transport verification failed:
Error: Connection verification timed out after 10 seconds
    at Timeout._onTimeout (file:///E:/Isianpadu%20Work/email%20dahsbord/email%20template/editor-sample/src/App/api/server.js:140:16)
    at listOnTimeout (node:internal/timers:581:17)
    at process.processTimers (node:internal/timers:519:7)
[ERROR] 2025-05-29T08:02:49.866Z: Error in sendMail:
Error: Failed to verify email transport: Connection verification timed out after 10 seconds
    at sendMail (file:///E:/Isianpadu%20Work/email%20dahsbord/email%20template/editor-sample/src/App/api/server.js:149:13)
    at async file:///E:/Isianpadu%20Work/email%20dahsbord/email%20template/editor-sample/src/App/api/server.js:229:14
[ERROR] 2025-05-29T08:02:49.868Z: Error sending email:
Error: Failed to verify email transport: Connection verification timed out after 10 seconds
    at sendMail (file:///E:/Isianpadu%20Work/email%20dahsbord/email%20template/editor-sample/src/App/api/server.js:149:13)
    at async file:///E:/Isianpadu%20Work/email%20dahsbord/email%20template/editor-sample/src/App/api/server.js:229:14
[INFO] 2025-05-29T08:11:41.538Z: POST /api/send-email
[INFO] 2025-05-29T08:11:41.553Z: Received request to /api/send-email
[INFO] 2025-05-29T08:11:41.554Z: Validating email request
[INFO] 2025-05-29T08:11:41.554Z: Preparing to send email to: test@example.com
[INFO] 2025-05-29T08:11:41.555Z: Creating email transporter
[INFO] 2025-05-29T08:11:41.569Z: Using default from address: 772000946salahi@gmail.com
[INFO] 2025-05-29T08:11:41.570Z: Verifying email transport connection
[ERROR] 2025-05-29T08:11:51.583Z: Email transport verification failed:
Error: Connection verification timed out after 10 seconds
    at Timeout._onTimeout (file:///E:/Isianpadu%20Work/email%20dahsbord/email%20template/editor-sample/src/App/api/server.js:140:16)
    at listOnTimeout (node:internal/timers:581:17)
    at process.processTimers (node:internal/timers:519:7)
[ERROR] 2025-05-29T08:11:51.589Z: Error in sendMail:
Error: Failed to verify email transport: Connection verification timed out after 10 seconds
    at sendMail (file:///E:/Isianpadu%20Work/email%20dahsbord/email%20template/editor-sample/src/App/api/server.js:149:13)
    at async file:///E:/Isianpadu%20Work/email%20dahsbord/email%20template/editor-sample/src/App/api/server.js:229:14
[ERROR] 2025-05-29T08:11:51.590Z: Error sending email:
Error: Failed to verify email transport: Connection verification timed out after 10 seconds
    at sendMail (file:///E:/Isianpadu%20Work/email%20dahsbord/email%20template/editor-sample/src/App/api/server.js:149:13)
    at async file:///E:/Isianpadu%20Work/email%20dahsbord/email%20template/editor-sample/src/App/api/server.js:229:14
[INFO] 2025-05-29T08:14:49.568Z: POST /api/send-email?mock=true
[INFO] 2025-05-29T08:14:49.570Z: Received request to /api/send-email
[INFO] 2025-05-29T08:14:49.571Z: Validating email request
[INFO] 2025-05-29T08:14:49.574Z: [MOCK] Preparing to send email to: test@example.com
[INFO] 2025-05-29T08:14:50.079Z: [MOCK] Email sent successfully
[INFO] 2025-05-29T08:14:50.081Z: Used mock email sending mode
[INFO] 2025-05-29T08:14:50.082Z: Successfully sent email, returning response
[INFO] 2025-05-29T08:17:32.066Z: Server started successfully
[INFO] 2025-05-29T08:17:32.069Z: API server running on port 3001
[INFO] 2025-05-29T08:17:32.070Z: Email configuration: smtp.gmail.com:587
[INFO] 2025-05-29T08:17:32.070Z: Next.js API URL: http://localhost:3000
[INFO] 2025-05-29T08:17:32.071Z: Testing SMTP connection on startup...
[INFO] 2025-05-29T08:17:32.071Z: Testing SMTP connection by sending a test email...
[INFO] 2025-05-29T08:17:32.072Z: Creating email transporter
[INFO] 2025-05-29T08:17:34.739Z: Test email sent successfully: <13a437c3-a328-7dce-c996-3c24ff200d09@gmail.com>
[INFO] 2025-05-29T08:17:34.740Z: SMTP connection test successful - email sending should work
[INFO] 2025-05-29T08:18:00.142Z: POST /api/send-email
[INFO] 2025-05-29T08:18:00.144Z: Received request to /api/send-email
[INFO] 2025-05-29T08:18:00.145Z: Validating email request
[INFO] 2025-05-29T08:18:00.147Z: Preparing to send email to: test@example.com
[INFO] 2025-05-29T08:18:00.149Z: Creating email transporter
[INFO] 2025-05-29T08:18:00.154Z: Using default from address: 772000946salahi@gmail.com
[INFO] 2025-05-29T08:18:00.156Z: Sending email directly without verification...
[INFO] 2025-05-29T08:18:02.675Z: Email sent successfully: <f8ed7afc-3bce-b252-7d5e-9657cbb6797d@gmail.com>
[INFO] 2025-05-29T08:18:02.676Z: Successfully sent email, returning response
[INFO] 2025-05-29T08:18:15.871Z: POST /api/send-email
[INFO] 2025-05-29T08:18:15.872Z: Received request to /api/send-email
[INFO] 2025-05-29T08:18:15.873Z: Validating email request
[INFO] 2025-05-29T08:18:15.873Z: Preparing to send email to: test@example.com
[INFO] 2025-05-29T08:18:15.874Z: Creating email transporter
[INFO] 2025-05-29T08:18:15.874Z: Using default from address: 772000946salahi@gmail.com
[INFO] 2025-05-29T08:18:15.875Z: Sending email directly without verification...
[INFO] 2025-05-29T08:18:19.149Z: Email sent successfully: <fa19db6d-d851-eb1e-4923-6ff6e8c66c1d@gmail.com>
[INFO] 2025-05-29T08:18:19.150Z: Successfully sent email, returning response
[INFO] 2025-05-29T08:21:00.253Z: POST /api/send-email
[INFO] 2025-05-29T08:21:00.254Z: Received request to /api/send-email
[INFO] 2025-05-29T08:21:00.254Z: Validating email request
[INFO] 2025-05-29T08:21:00.255Z: Preparing to send email to: 772000946salahi@gmail.com
[INFO] 2025-05-29T08:21:00.255Z: Creating email transporter
[INFO] 2025-05-29T08:21:00.256Z: Using default from address: 772000946salahi@gmail.com
[INFO] 2025-05-29T08:21:00.256Z: Sending email directly without verification...
[INFO] 2025-05-29T08:21:02.762Z: Email sent successfully: <62c81f7d-cd7e-9b08-9251-5fca3596013d@gmail.com>
[INFO] 2025-05-29T08:21:02.763Z: Successfully sent email, returning response
[INFO] 2025-05-29T08:25:14.018Z: POST /api/send-email
[INFO] 2025-05-29T08:25:14.019Z: Received request to /api/send-email
[INFO] 2025-05-29T08:25:14.020Z: Validating email request
[INFO] 2025-05-29T08:25:14.020Z: Preparing to send email to: 772000946Salahi@gmail.com
[INFO] 2025-05-29T08:25:14.021Z: Creating email transporter
[INFO] 2025-05-29T08:25:14.022Z: Using default from address: 772000946salahi@gmail.com
[INFO] 2025-05-29T08:25:14.022Z: Sending email directly without verification...
[INFO] 2025-05-29T08:25:16.524Z: Email sent successfully: <b6b27ff0-c651-9f5e-9ad4-3d57aa9ac2f3@gmail.com>
[INFO] 2025-05-29T08:25:16.524Z: Successfully sent email, returning response
[INFO] 2025-05-29T09:04:07.226Z: Server started successfully
[INFO] 2025-05-29T09:04:07.236Z: API server running on port 3001
[INFO] 2025-05-29T09:04:07.237Z: Email configuration: smtp.gmail.com:587
[INFO] 2025-05-29T09:04:07.237Z: Next.js API URL: http://localhost:3000
[INFO] 2025-05-29T09:04:07.238Z: Ready to receive requests from React frontend
[INFO] 2025-05-29T09:04:16.326Z: POST /api/send-email
[INFO] 2025-05-29T09:04:16.327Z: Received request to /api/send-email
[INFO] 2025-05-29T09:04:16.328Z: Request payload: {"recipients":{"to":["test@example.com"],"cc":[],"bcc":[]},"subject":"Test Email from Combined Server","message":"This is a plain text version of the email","isTest":true,"template":{"html":"<html><body><h1>Test Email</h1><p>This is a test email sent from the combined server.</p></body></html>"}}
[INFO] 2025-05-29T09:04:16.328Z: Validating email request
[INFO] 2025-05-29T09:04:16.330Z: Preparing to send email to: test@example.com
[INFO] 2025-05-29T09:04:16.331Z: Creating email transporter
[INFO] 2025-05-29T09:04:16.338Z: Using default from address: 772000946salahi@gmail.com
[INFO] 2025-05-29T09:04:16.339Z: Sending email...
[ERROR] 2025-05-29T09:04:17.804Z: Error in sendMail:
Error: Invalid login: 535-5.7.8 Username and Password not accepted. For more information, go to
535 5.7.8  https://support.google.com/mail/?p=BadCredentials d2e1a72fcca58-747afed33casm895017b3a.73 - gsmtp
    at SMTPConnection._formatError (E:\Isianpadu Work\email dahsbord\email template\editor-sample\node_modules\nodemailer\lib\smtp-connection\index.js:809:19)
    at SMTPConnection._actionAUTHComplete (E:\Isianpadu Work\email dahsbord\email template\editor-sample\node_modules\nodemailer\lib\smtp-connection\index.js:1588:34)
    at SMTPConnection.<anonymous> (E:\Isianpadu Work\email dahsbord\email template\editor-sample\node_modules\nodemailer\lib\smtp-connection\index.js:556:26)
    at SMTPConnection._processResponse (E:\Isianpadu Work\email dahsbord\email template\editor-sample\node_modules\nodemailer\lib\smtp-connection\index.js:993:20)
    at SMTPConnection._onData (E:\Isianpadu Work\email dahsbord\email template\editor-sample\node_modules\nodemailer\lib\smtp-connection\index.js:774:14)
    at SMTPConnection._onSocketData (E:\Isianpadu Work\email dahsbord\email template\editor-sample\node_modules\nodemailer\lib\smtp-connection\index.js:195:44)
    at TLSSocket.emit (node:events:519:28)
    at addChunk (node:internal/streams/readable:559:12)
    at readableAddChunkPushByteMode (node:internal/streams/readable:510:3)
    at Readable.push (node:internal/streams/readable:390:5)
[ERROR] 2025-05-29T09:04:17.834Z: Error sending email:
Error: Invalid login: 535-5.7.8 Username and Password not accepted. For more information, go to
535 5.7.8  https://support.google.com/mail/?p=BadCredentials d2e1a72fcca58-747afed33casm895017b3a.73 - gsmtp
    at SMTPConnection._formatError (E:\Isianpadu Work\email dahsbord\email template\editor-sample\node_modules\nodemailer\lib\smtp-connection\index.js:809:19)
    at SMTPConnection._actionAUTHComplete (E:\Isianpadu Work\email dahsbord\email template\editor-sample\node_modules\nodemailer\lib\smtp-connection\index.js:1588:34)
    at SMTPConnection.<anonymous> (E:\Isianpadu Work\email dahsbord\email template\editor-sample\node_modules\nodemailer\lib\smtp-connection\index.js:556:26)
    at SMTPConnection._processResponse (E:\Isianpadu Work\email dahsbord\email template\editor-sample\node_modules\nodemailer\lib\smtp-connection\index.js:993:20)
    at SMTPConnection._onData (E:\Isianpadu Work\email dahsbord\email template\editor-sample\node_modules\nodemailer\lib\smtp-connection\index.js:774:14)
    at SMTPConnection._onSocketData (E:\Isianpadu Work\email dahsbord\email template\editor-sample\node_modules\nodemailer\lib\smtp-connection\index.js:195:44)
    at TLSSocket.emit (node:events:519:28)
    at addChunk (node:internal/streams/readable:559:12)
    at readableAddChunkPushByteMode (node:internal/streams/readable:510:3)
    at Readable.push (node:internal/streams/readable:390:5)
[INFO] 2025-05-29T09:05:05.486Z: Server started successfully
[INFO] 2025-05-29T09:05:05.490Z: API server running on port 3001
[INFO] 2025-05-29T09:05:05.491Z: Email configuration: smtp.gmail.com:587
[INFO] 2025-05-29T09:05:05.491Z: Next.js API URL: http://localhost:3000
[INFO] 2025-05-29T09:05:05.492Z: Ready to receive requests from React frontend
[INFO] 2025-05-29T09:05:13.348Z: POST /api/send-email
[INFO] 2025-05-29T09:05:13.349Z: Received request to /api/send-email
[INFO] 2025-05-29T09:05:13.350Z: Request payload: {"recipients":{"to":["test@example.com"],"cc":[],"bcc":[]},"subject":"Test Email from Combined Server","message":"This is a plain text version of the email","isTest":true,"template":{"html":"<html><body><h1>Test Email</h1><p>This is a test email sent from the combined server.</p></body></html>"}}
[INFO] 2025-05-29T09:05:13.351Z: Validating email request
[INFO] 2025-05-29T09:05:13.352Z: Preparing to send email to: test@example.com
[INFO] 2025-05-29T09:05:13.352Z: Creating email transporter
[INFO] 2025-05-29T09:05:13.360Z: Using default from address: 772000946salahi@gmail.com
[INFO] 2025-05-29T09:05:13.361Z: Sending email...
[INFO] 2025-05-29T09:05:16.194Z: Email sent successfully: <0f743b9e-5602-88d9-4db9-1e6ff8f77db2@gmail.com>
[INFO] 2025-05-29T09:05:16.195Z: Successfully sent email, returning response
[INFO] 2025-05-29T09:05:48.182Z: POST /api/send-email
[INFO] 2025-05-29T09:05:48.183Z: Received request to /api/send-email
[INFO] 2025-05-29T09:05:48.184Z: Request payload: {"recipients":{"to":["772000946salahi@gmail.com"],"cc":[],"bcc":[]},"subject":"test3","message":"","isTest":false,"template":{"html":"<html><body>Email content here</body></html>","json":{"root":{"type":"EmailLayout","data":{"backdropColor":"#F2F5F7","canvasColor":"#FFFFFF","textColor":"#242424","fontFamily":"MODERN_SANS","childrenIds":["block-1709571212684","block-1709571228545","block-1709571234315","block-1709571247550","block-1709571258507","block-1709571281151","block-1709571302968","block-1709571282795"]}},"block-1709571212684":{"type":"Image","data":{"style":{"padding":{"top":24,"bottom":24,"right":24,"left":24}},"props":{"url":"https://d1iiu589g39o6c.cloudfront.net/live/platforms/platform_A9wwKSL6EV6orh6f/images/wptemplateimage_JTNBBPGrNs2Ph4JL/marketbase.png","alt":"Marketbase","linkHref":"https://marketbase.app","contentAlignment":"middle"}}},"block-1709571228545":{"type":"Text","data":{"style":{"fontWeight":"normal","padding":{"top":0,"bottom":16,"right":24,"left":24}},"props":{"text":"Hi Anna 👋,"}}},"block-1709571234315":{"type":"Text","data":{"style":{"fontWeight":"normal","padding":{"top":0,"bottom":16,"right":24,"left":24}},"props":{"text":"Welcome to Marketbase! Marketbase is how teams within fast growing marketplaces effortlessly monitor conversations to prevent disintermediation, identify problematic users, and increase trust & safety within their community."}}},"block-1709571247550":{"type":"Text","data":{"style":{"fontWeight":"normal","padding":{"top":0,"bottom":16,"right":24,"left":24}},"props":{"text":"Best of all, you can connect your existing messaging services in minutes:"}}},"block-1709571258507":{"type":"Image","data":{"style":{"padding":{"top":16,"bottom":16,"right":24,"left":24}},"props":{"url":"https://d1iiu589g39o6c.cloudfront.net/live/platforms/platform_A9wwKSL6EV6orh6f/images/wptemplateimage_oWB821TUkDXvr2f4/Screenshot%202023-11-22%20at%2011.51.30%20AM.png","alt":"Video thumbnail","linkHref":"https://capture.dropbox.com/NBQEmoCKKP9RGBWr","contentAlignment":"middle"}}},"block-1709571281151":{"type":"Text","data":{"style":{"fontWeight":"normal","padding":{"top":16,"bottom":16,"right":24,"left":24}},"props":{"text":"If you ever need help, just reply to this email and one of us will get back to you shortly. We’re here to help."}}},"block-1709571282795":{"type":"Image","data":{"style":{"padding":{"top":16,"bottom":40,"right":24,"left":24}},"props":{"url":"https://d1iiu589g39o6c.cloudfront.net/live/platforms/platform_A9wwKSL6EV6orh6f/images/wptemplateimage_cAK8FpmBEGoSRNi3/Screenshot%202023-11-22%20at%2011.48.53%20AM.png","alt":"Illustration","linkHref":null,"contentAlignment":"middle"}}},"block-1709571302968":{"type":"Button","data":{"style":{"fontSize":14,"padding":{"top":16,"bottom":24,"right":24,"left":24}},"props":{"buttonBackgroundColor":"#0079cc","buttonStyle":"rectangle","text":"Open dashboard","url":"https://www.usewaypoint.com"}}}}}}
[INFO] 2025-05-29T09:05:48.185Z: Validating email request
[INFO] 2025-05-29T09:05:48.186Z: Preparing to send email to: 772000946salahi@gmail.com
[INFO] 2025-05-29T09:05:48.186Z: Creating email transporter
[INFO] 2025-05-29T09:05:48.187Z: Using default from address: 772000946salahi@gmail.com
[INFO] 2025-05-29T09:05:48.188Z: Sending email...
[INFO] 2025-05-29T09:05:50.854Z: Email sent successfully: <89e4528e-c71c-4529-4d09-5a92bf87551f@gmail.com>
[INFO] 2025-05-29T09:05:50.855Z: Successfully sent email, returning response
[INFO] 2025-05-29T09:08:08.071Z: POST /api/send-email
[INFO] 2025-05-29T09:08:08.074Z: Received request to /api/send-email
[INFO] 2025-05-29T09:08:08.075Z: Request payload: {"recipients":{"to":["772000946salahi@gmail.com"],"cc":[],"bcc":[]},"subject":"test4","message":"","isTest":false,"template":{"html":"<html><body>Email content here</body></html>","json":{"root":{"type":"EmailLayout","data":{"backdropColor":"#F5F5F5","canvasColor":"#FFFFFF","textColor":"#262626","fontFamily":"MODERN_SANS","childrenIds":["block-1748509652973","block-1748509656864","block-1748509660078"]}},"block-1748509652973":{"type":"Heading","data":{"props":{"text":"Hello friend"},"style":{"padding":{"top":16,"bottom":16,"left":24,"right":24}}}},"block-1748509656864":{"type":"Image","data":{"props":{"url":"https://assets.usewaypoint.com/sample-image.jpg","alt":"Sample product","contentAlignment":"middle","linkHref":null},"style":{"padding":{"top":16,"bottom":16,"left":24,"right":24}}}},"block-1748509660078":{"type":"Text","data":{"style":{"fontWeight":"normal","padding":{"top":16,"bottom":16,"right":24,"left":24}},"props":{"text":"afssfasfsaffsaasfsfs"}}}}}}
[INFO] 2025-05-29T09:08:08.075Z: Validating email request
[INFO] 2025-05-29T09:08:08.076Z: Preparing to send email to: 772000946salahi@gmail.com
[INFO] 2025-05-29T09:08:08.076Z: Creating email transporter
[INFO] 2025-05-29T09:08:08.077Z: Using default from address: 772000946salahi@gmail.com
[INFO] 2025-05-29T09:08:08.077Z: Sending email...
[INFO] 2025-05-29T09:08:10.690Z: Email sent successfully: <02099306-6a45-2e64-b0e9-9ee25bcc92f0@gmail.com>
[INFO] 2025-05-29T09:08:10.691Z: Successfully sent email, returning response
[INFO] 2025-05-29T09:23:28.679Z: Server started successfully
[INFO] 2025-05-29T09:23:28.688Z: API server running on port 3001
[INFO] 2025-05-29T09:23:28.688Z: Email configuration: smtp.gmail.com:587
[INFO] 2025-05-29T09:23:28.689Z: Next.js API URL: http://localhost:3000
[INFO] 2025-05-29T09:23:28.689Z: Ready to receive requests from React frontend
[INFO] 2025-05-29T09:59:30.072Z: POST /api/send-email
[INFO] 2025-05-29T09:59:30.076Z: Received request to /api/send-email
[DEBUG] 2025-05-29T09:59:30.077Z: Request body structure: {"hasRecipients":true,"hasSubject":true,"hasTemplate":true,"hasHtml":true,"hasJson":true}
[INFO] 2025-05-29T09:59:30.082Z: Validating email request
[INFO] 2025-05-29T09:59:30.083Z: Template HTML received (first 100 chars): <html><body><p>Error using library method: Library HTML conversion method not found</p></body></html...
[INFO] 2025-05-29T09:59:30.084Z: Preparing to send email to: 772000946salahi@gmail.com
[INFO] 2025-05-29T09:59:30.085Z: Creating email transporter
[INFO] 2025-05-29T09:59:30.100Z: Using default from address: 772000946salahi@gmail.com
[INFO] 2025-05-29T09:59:30.101Z: Sending email...
[DEBUG] 2025-05-29T09:59:30.101Z: Email content preview: "<html><body><p>Error using library method: Library HTML conversion method not found</p></body></html>..."
[INFO] 2025-05-29T09:59:32.995Z: Email sent successfully: <54c1e31e-ec61-4925-6df7-f52bd73be0a4@gmail.com>
[INFO] 2025-05-29T09:59:32.995Z: Successfully sent email, returning response
[INFO] 2025-05-29T09:59:44.912Z: POST /api/send-email
[INFO] 2025-05-29T09:59:44.912Z: Received request to /api/send-email
[DEBUG] 2025-05-29T09:59:44.913Z: Request body structure: {"hasRecipients":true,"hasSubject":true,"hasTemplate":true,"hasHtml":true,"hasJson":true}
[INFO] 2025-05-29T09:59:44.914Z: Validating email request
[INFO] 2025-05-29T09:59:44.915Z: Template HTML received (first 100 chars): <html><body><p>Error using HtmlPanel method: HtmlPanel content not available</p></body></html>...
[INFO] 2025-05-29T09:59:44.915Z: Preparing to send email to: 772000946salahi@gmail.com
[INFO] 2025-05-29T09:59:44.916Z: Creating email transporter
[INFO] 2025-05-29T09:59:44.917Z: Using default from address: 772000946salahi@gmail.com
[INFO] 2025-05-29T09:59:44.917Z: Sending email...
[DEBUG] 2025-05-29T09:59:44.917Z: Email content preview: "<html><body><p>Error using HtmlPanel method: HtmlPanel content not available</p></body></html>..."
[INFO] 2025-05-29T09:59:47.470Z: Email sent successfully: <9e19eede-aeb9-52cc-43fe-1bd8ddb7c778@gmail.com>
[INFO] 2025-05-29T09:59:47.471Z: Successfully sent email, returning response
[INFO] 2025-05-29T09:59:57.541Z: POST /api/send-email
[INFO] 2025-05-29T09:59:57.542Z: Received request to /api/send-email
[DEBUG] 2025-05-29T09:59:57.542Z: Request body structure: {"hasRecipients":true,"hasSubject":true,"hasTemplate":true,"hasHtml":true,"hasJson":true}
[INFO] 2025-05-29T09:59:57.543Z: Validating email request
[INFO] 2025-05-29T09:59:57.543Z: Template HTML received (first 100 chars): <html><body><p>Error using ReactDOMServer method: ReactDOMServer not available</p></body></html>...
[INFO] 2025-05-29T09:59:57.543Z: Preparing to send email to: 772000946salahi@gmail.com
[INFO] 2025-05-29T09:59:57.544Z: Creating email transporter
[INFO] 2025-05-29T09:59:57.545Z: Using default from address: 772000946salahi@gmail.com
[INFO] 2025-05-29T09:59:57.545Z: Sending email...
[DEBUG] 2025-05-29T09:59:57.545Z: Email content preview: "<html><body><p>Error using ReactDOMServer method: ReactDOMServer not available</p></body></html>..."
[INFO] 2025-05-29T10:00:00.199Z: Email sent successfully: <7078619d-40a4-90f3-4f8a-bcde13ff100b@gmail.com>
[INFO] 2025-05-29T10:00:00.199Z: Successfully sent email, returning response
[INFO] 2025-05-29T10:00:08.785Z: POST /api/send-email
[INFO] 2025-05-29T10:00:08.786Z: Received request to /api/send-email
[DEBUG] 2025-05-29T10:00:08.786Z: Request body structure: {"hasRecipients":true,"hasSubject":true,"hasTemplate":true,"hasHtml":true,"hasJson":true}
[INFO] 2025-05-29T10:00:08.787Z: Validating email request
[INFO] 2025-05-29T10:00:08.787Z: Template HTML received (first 100 chars): <html><body><p>Error using DOM manipulation method: document.createElement is not a function</p></bo...
[INFO] 2025-05-29T10:00:08.787Z: Preparing to send email to: 772000946salahi@gmail.com
[INFO] 2025-05-29T10:00:08.788Z: Creating email transporter
[INFO] 2025-05-29T10:00:08.789Z: Using default from address: 772000946salahi@gmail.com
[INFO] 2025-05-29T10:00:08.789Z: Sending email...
[DEBUG] 2025-05-29T10:00:08.789Z: Email content preview: "<html><body><p>Error using DOM manipulation method: document.createElement is not a function</p></body></html>..."
[INFO] 2025-05-29T10:00:11.377Z: Email sent successfully: <4dcc75d5-ec5f-9f9e-93ac-9da3a4366b91@gmail.com>
[INFO] 2025-05-29T10:00:11.378Z: Successfully sent email, returning response
[INFO] 2025-05-29T10:00:20.167Z: POST /api/send-email
[INFO] 2025-05-29T10:00:20.167Z: Received request to /api/send-email
[DEBUG] 2025-05-29T10:00:20.168Z: Request body structure: {"hasRecipients":true,"hasSubject":true,"hasTemplate":true,"hasHtml":true,"hasJson":true}
[INFO] 2025-05-29T10:00:20.168Z: Validating email request
[INFO] 2025-05-29T10:00:20.169Z: Template HTML received (first 100 chars): <!doctype html>
<html>
  <body>
    <div style='background-color:#F2F5F7;color:#242424;font-family:"...
[INFO] 2025-05-29T10:00:20.169Z: Preparing to send email to: 772000946salahi@gmail.com
[INFO] 2025-05-29T10:00:20.170Z: Creating email transporter
[INFO] 2025-05-29T10:00:20.170Z: Using default from address: 772000946salahi@gmail.com
[INFO] 2025-05-29T10:00:20.171Z: Sending email...
[DEBUG] 2025-05-29T10:00:20.171Z: Email content preview: "<!doctype html>\n<html>\n  <body>\n    <div style='background-color:#F2F5F7;color:#242424;font-family:\"Helvetica Neue\", \"Arial Nova\", \"Nimbus Sans\", Arial, sans-serif;font-size:16px;font-weight:400;lette..."
[INFO] 2025-05-29T10:00:22.696Z: Email sent successfully: <3ac1218c-392b-3de7-a175-91afc00ae125@gmail.com>
[INFO] 2025-05-29T10:00:22.697Z: Successfully sent email, returning response
[INFO] 2025-05-29T10:05:02.765Z: POST /api/send-email
[INFO] 2025-05-29T10:05:02.766Z: Received request to /api/send-email
[DEBUG] 2025-05-29T10:05:02.766Z: Request body structure: {"hasRecipients":true,"hasSubject":true,"hasTemplate":true,"hasHtml":true,"hasJson":true}
[INFO] 2025-05-29T10:05:02.767Z: Validating email request
[INFO] 2025-05-29T10:05:02.767Z: Template HTML received (first 100 chars): <!doctype html>
<html>
  <body>
    <div style='background-color:#F2F5F7;color:#242424;font-family:"...
[INFO] 2025-05-29T10:05:02.768Z: Preparing to send email to: 772000946salahi@gmail.com
[INFO] 2025-05-29T10:05:02.768Z: Creating email transporter
[INFO] 2025-05-29T10:05:02.769Z: Using default from address: 772000946salahi@gmail.com
[INFO] 2025-05-29T10:05:02.769Z: Sending email...
[DEBUG] 2025-05-29T10:05:02.770Z: Email content preview: "<!doctype html>\n<html>\n  <body>\n    <div style='background-color:#F2F5F7;color:#242424;font-family:\"Helvetica Neue\", \"Arial Nova\", \"Nimbus Sans\", Arial, sans-serif;font-size:16px;font-weight:400;lette..."
[INFO] 2025-05-29T10:05:05.279Z: Email sent successfully: <9dd1593b-e69c-06bb-5aee-cf0f4869c872@gmail.com>
[INFO] 2025-05-29T10:05:05.279Z: Successfully sent email, returning response
[INFO] 2025-05-29T10:06:04.642Z: POST /api/send-email
[INFO] 2025-05-29T10:06:04.643Z: Received request to /api/send-email
[DEBUG] 2025-05-29T10:06:04.643Z: Request body structure: {"hasRecipients":true,"hasSubject":true,"hasTemplate":true,"hasHtml":true,"hasJson":true}
[INFO] 2025-05-29T10:06:04.644Z: Validating email request
[INFO] 2025-05-29T10:06:04.644Z: Template HTML received (first 100 chars): <html><body><p>Error using library method: Library HTML conversion method not found</p></body></html...
[INFO] 2025-05-29T10:06:04.645Z: Preparing to send email to: 772000946salahi@gmail.com
[INFO] 2025-05-29T10:06:04.645Z: Creating email transporter
[INFO] 2025-05-29T10:06:04.646Z: Using default from address: 772000946salahi@gmail.com
[INFO] 2025-05-29T10:06:04.646Z: Sending email...
[DEBUG] 2025-05-29T10:06:04.647Z: Email content preview: "<html><body><p>Error using library method: Library HTML conversion method not found</p></body></html>..."
[INFO] 2025-05-29T10:06:07.127Z: Email sent successfully: <1af9430c-a35f-b7ed-4af6-4a1ed23f4566@gmail.com>
[INFO] 2025-05-29T10:06:07.128Z: Successfully sent email, returning response
[INFO] 2025-05-29T10:06:34.266Z: POST /api/send-email
[INFO] 2025-05-29T10:06:34.267Z: Received request to /api/send-email
[DEBUG] 2025-05-29T10:06:34.268Z: Request body structure: {"hasRecipients":true,"hasSubject":true,"hasTemplate":true,"hasHtml":true,"hasJson":true}
[INFO] 2025-05-29T10:06:34.268Z: Validating email request
[INFO] 2025-05-29T10:06:34.269Z: Template HTML received (first 100 chars): <!doctype html>
<html>
  <body>
    <div style='background-color:#F2F5F7;color:#242424;font-family:"...
[INFO] 2025-05-29T10:06:34.270Z: Preparing to send email to: 772000946salahi@gmail.com
[INFO] 2025-05-29T10:06:34.270Z: Creating email transporter
[INFO] 2025-05-29T10:06:34.271Z: Using default from address: 772000946salahi@gmail.com
[INFO] 2025-05-29T10:06:34.271Z: Sending email...
[DEBUG] 2025-05-29T10:06:34.272Z: Email content preview: "<!doctype html>\n<html>\n  <body>\n    <div style='background-color:#F2F5F7;color:#242424;font-family:\"Helvetica Neue\", \"Arial Nova\", \"Nimbus Sans\", Arial, sans-serif;font-size:16px;font-weight:400;lette..."
[INFO] 2025-05-29T10:06:36.755Z: Email sent successfully: <ce85be57-db64-a998-12ca-43847db1aff1@gmail.com>
[INFO] 2025-05-29T10:06:36.756Z: Successfully sent email, returning response
[INFO] 2025-05-29T10:17:23.437Z: POST /api/send-email
[INFO] 2025-05-29T10:17:23.440Z: Received request to /api/send-email
[DEBUG] 2025-05-29T10:17:23.440Z: Request body structure: {"hasRecipients":true,"hasSubject":true,"hasTemplate":true,"hasHtml":true,"hasJson":true}
[INFO] 2025-05-29T10:17:23.442Z: Validating email request
[INFO] 2025-05-29T10:17:23.443Z: Template HTML received (first 100 chars): <!doctype html>
<html>
  <body>
    <div style='background-color:#F2F5F7;color:#242424;font-family:"...
[INFO] 2025-05-29T10:17:23.444Z: Preparing to send email to: 772000946salahi@gmail.com
[INFO] 2025-05-29T10:17:23.444Z: Creating email transporter
[INFO] 2025-05-29T10:17:23.455Z: Using default from address: 772000946salahi@gmail.com
[INFO] 2025-05-29T10:17:23.455Z: Sending email...
[DEBUG] 2025-05-29T10:17:23.456Z: Email content preview: "<!doctype html>\n<html>\n  <body>\n    <div style='background-color:#F2F5F7;color:#242424;font-family:\"Helvetica Neue\", \"Arial Nova\", \"Nimbus Sans\", Arial, sans-serif;font-size:16px;font-weight:400;lette..."
[INFO] 2025-05-29T10:17:26.050Z: Email sent successfully: <9d320d94-d1fb-35b0-4c04-bf5c1035585c@gmail.com>
[INFO] 2025-05-29T10:17:26.050Z: Successfully sent email, returning response
[INFO] 2025-05-29T10:18:29.333Z: POST /api/send-email
[INFO] 2025-05-29T10:18:29.334Z: Received request to /api/send-email
[DEBUG] 2025-05-29T10:18:29.334Z: Request body structure: {"hasRecipients":true,"hasSubject":true,"hasTemplate":true,"hasHtml":true,"hasJson":true}
[INFO] 2025-05-29T10:18:29.335Z: Validating email request
[INFO] 2025-05-29T10:18:29.336Z: Template HTML received (first 100 chars): <!doctype html>
<html>
  <body>
    <div style='background-color:#F2F5F7;color:#242424;font-family:"...
[INFO] 2025-05-29T10:18:29.337Z: Preparing to send email to: 772000946salahi@gmail.com
[INFO] 2025-05-29T10:18:29.337Z: Creating email transporter
[INFO] 2025-05-29T10:18:29.338Z: Using default from address: 772000946salahi@gmail.com
[INFO] 2025-05-29T10:18:29.339Z: Sending email...
[DEBUG] 2025-05-29T10:18:29.339Z: Email content preview: "<!doctype html>\n<html>\n  <body>\n    <div style='background-color:#F2F5F7;color:#242424;font-family:\"Helvetica Neue\", \"Arial Nova\", \"Nimbus Sans\", Arial, sans-serif;font-size:16px;font-weight:400;lette..."
[INFO] 2025-05-29T10:18:31.913Z: Email sent successfully: <7704af9e-6a48-ece6-bba0-4da06b4f1edf@gmail.com>
[INFO] 2025-05-29T10:18:31.914Z: Successfully sent email, returning response
[INFO] 2025-05-29T10:20:33.389Z: POST /api/send-email
[INFO] 2025-05-29T10:20:33.390Z: Received request to /api/send-email
[DEBUG] 2025-05-29T10:20:33.390Z: Request body structure: {"hasRecipients":true,"hasSubject":true,"hasTemplate":true,"hasHtml":true,"hasJson":true}
[INFO] 2025-05-29T10:20:33.391Z: Validating email request
[INFO] 2025-05-29T10:20:33.391Z: Template HTML received (first 100 chars): <!doctype html>
<html>
  <body>
    <div style='background-color:#F2F5F7;color:#242424;font-family:"...
[INFO] 2025-05-29T10:20:33.392Z: Preparing to send email to: 772000946salahi@gmail.com
[INFO] 2025-05-29T10:20:33.392Z: Creating email transporter
[INFO] 2025-05-29T10:20:33.393Z: Using default from address: 772000946salahi@gmail.com
[INFO] 2025-05-29T10:20:33.393Z: Sending email...
[DEBUG] 2025-05-29T10:20:33.394Z: Email content preview: "<!doctype html>\n<html>\n  <body>\n    <div style='background-color:#F2F5F7;color:#242424;font-family:\"Helvetica Neue\", \"Arial Nova\", \"Nimbus Sans\", Arial, sans-serif;font-size:16px;font-weight:400;lette..."
[INFO] 2025-05-29T10:20:35.921Z: Email sent successfully: <480b85b0-6816-1204-8d81-1c18d4bc459b@gmail.com>
[INFO] 2025-05-29T10:20:35.922Z: Successfully sent email, returning response
[INFO] 2025-05-29T10:21:16.752Z: POST /api/send-email
[INFO] 2025-05-29T10:21:16.753Z: Received request to /api/send-email
[DEBUG] 2025-05-29T10:21:16.753Z: Request body structure: {"hasRecipients":true,"hasSubject":true,"hasTemplate":true,"hasHtml":true,"hasJson":true}
[INFO] 2025-05-29T10:21:16.753Z: Validating email request
[INFO] 2025-05-29T10:21:16.754Z: Template HTML received (first 100 chars): <!doctype html>
<html>
  <body>
    <div style='background-color:#F2F5F7;color:#242424;font-family:"...
[INFO] 2025-05-29T10:21:16.754Z: Preparing to send email to: 772000946salahi@gmail.com
[INFO] 2025-05-29T10:21:16.755Z: Creating email transporter
[INFO] 2025-05-29T10:21:16.755Z: Using default from address: 772000946salahi@gmail.com
[INFO] 2025-05-29T10:21:16.756Z: Sending email...
[DEBUG] 2025-05-29T10:21:16.756Z: Email content preview: "<!doctype html>\n<html>\n  <body>\n    <div style='background-color:#F2F5F7;color:#242424;font-family:\"Helvetica Neue\", \"Arial Nova\", \"Nimbus Sans\", Arial, sans-serif;font-size:16px;font-weight:400;lette..."
[INFO] 2025-05-29T10:21:19.169Z: Email sent successfully: <a5fc370c-57c8-2183-55e6-c0dbf90a4a0f@gmail.com>
[INFO] 2025-05-29T10:21:19.174Z: Successfully sent email, returning response
[INFO] 2025-05-29T10:51:42.617Z: POST /api/send-email
[INFO] 2025-05-29T10:51:42.620Z: Received request to /api/send-email
[DEBUG] 2025-05-29T10:51:42.621Z: Request body structure: {"hasRecipients":true,"hasSubject":true,"hasTemplate":true,"hasHtml":true,"hasJson":true}
[INFO] 2025-05-29T10:51:42.623Z: Validating email request
[INFO] 2025-05-29T10:51:42.623Z: Template HTML received (first 100 chars): <html><body>Email content here</body></html>...
[INFO] 2025-05-29T10:51:42.624Z: Preparing to send email to: 772000946salahi@gmail.com
[INFO] 2025-05-29T10:51:42.624Z: Creating email transporter
[INFO] 2025-05-29T10:51:42.635Z: Using default from address: 772000946salahi@gmail.com
[INFO] 2025-05-29T10:51:42.635Z: Sending email...
[DEBUG] 2025-05-29T10:51:42.635Z: Email content preview: "<html><body>Email content here</body></html>..."
[INFO] 2025-05-29T10:51:45.419Z: Email sent successfully: <b07b0e74-21bb-fee4-49e0-8bfe96c45edd@gmail.com>
[INFO] 2025-05-29T10:51:45.420Z: Successfully sent email, returning response
[INFO] 2025-06-03T01:27:55.281Z: Server started successfully
[INFO] 2025-06-03T01:27:55.284Z: API server running on port 3001
[INFO] 2025-06-03T01:27:55.285Z: Email configuration: smtp.gmail.com:587
[INFO] 2025-06-03T01:27:55.285Z: Next.js API URL: http://localhost:3000
[INFO] 2025-06-03T01:27:55.286Z: Ready to receive requests from React frontend
[INFO] 2025-06-03T01:28:00.697Z: POST /api/send-email
[INFO] 2025-06-03T01:28:00.699Z: Received request to /api/send-email
[DEBUG] 2025-06-03T01:28:00.700Z: Request body structure: {"hasRecipients":true,"hasSubject":true,"hasTemplate":true,"hasHtml":true,"hasJson":true}
[INFO] 2025-06-03T01:28:00.705Z: Validating email request
[INFO] 2025-06-03T01:28:00.705Z: Template HTML received (first 100 chars): <!doctype html>
<html>
  <body>
    <div style='background-color:#F2F5F7;color:#242424;font-family:"...
[INFO] 2025-06-03T01:28:00.708Z: Preparing to send email to: 772000946salahi@gmail.com
[INFO] 2025-06-03T01:28:00.709Z: Creating email transporter
[INFO] 2025-06-03T01:28:00.719Z: Using default from address: 772000946salahi@gmail.com
[INFO] 2025-06-03T01:28:00.720Z: Sending email...
[DEBUG] 2025-06-03T01:28:00.720Z: Email content preview: "<!doctype html>\n<html>\n  <body>\n    <div style='background-color:#F2F5F7;color:#242424;font-family:\"Helvetica Neue\", \"Arial Nova\", \"Nimbus Sans\", Arial, sans-serif;font-size:16px;font-weight:400;lette..."
[INFO] 2025-06-03T01:28:03.470Z: Email sent successfully: <62be9b1c-7d80-2ce2-c730-300b45564b75@gmail.com>
[INFO] 2025-06-03T01:28:03.471Z: Successfully sent email, returning response
[INFO] 2025-06-03T01:46:47.607Z: POST /api/send-email
[INFO] 2025-06-03T01:46:47.608Z: Received request to /api/send-email
[DEBUG] 2025-06-03T01:46:47.609Z: Request body structure: {"hasRecipients":true,"hasSubject":true,"hasTemplate":true,"hasHtml":true,"hasJson":true}
[INFO] 2025-06-03T01:46:47.610Z: Validating email request
[INFO] 2025-06-03T01:46:47.611Z: Template HTML received (first 100 chars): <!DOCTYPE html><html><body><div style="background-color:#F2F5F7;color:#242424;font-family:&quot;Helv...
[INFO] 2025-06-03T01:46:47.612Z: Preparing to send email to: 772000946salahi@gmail.com
[INFO] 2025-06-03T01:46:47.613Z: Creating email transporter
[INFO] 2025-06-03T01:46:47.617Z: Using default from address: 772000946salahi@gmail.com
[INFO] 2025-06-03T01:46:47.617Z: Sending email...
[DEBUG] 2025-06-03T01:46:47.618Z: Email content preview: "<!DOCTYPE html><html><body><div style=\"background-color:#F2F5F7;color:#242424;font-family:&quot;Helvetica Neue&quot;, &quot;Arial Nova&quot;, &quot;Nimbus Sans&quot;, Arial, sans-serif;font-size:16px;..."
[INFO] 2025-06-03T01:46:50.229Z: Email sent successfully: <f5945dbc-899d-fd70-5edf-814726d98065@gmail.com>
[INFO] 2025-06-03T01:46:50.230Z: Successfully sent email, returning response
[INFO] 2025-06-03T01:47:48.302Z: POST /api/send-email
[INFO] 2025-06-03T01:47:48.303Z: Received request to /api/send-email
[DEBUG] 2025-06-03T01:47:48.304Z: Request body structure: {"hasRecipients":true,"hasSubject":true,"hasTemplate":true,"hasHtml":true,"hasJson":true}
[INFO] 2025-06-03T01:47:48.304Z: Validating email request
[INFO] 2025-06-03T01:47:48.305Z: Template HTML received (first 100 chars): <!DOCTYPE html><html><body><div style="background-color:#F2F5F7;color:#242424;font-family:&quot;Helv...
[INFO] 2025-06-03T01:47:48.305Z: Preparing to send email to: 772000946salahi@gmail.com
[INFO] 2025-06-03T01:47:48.306Z: Creating email transporter
[INFO] 2025-06-03T01:47:48.307Z: Using default from address: 772000946salahi@gmail.com
[INFO] 2025-06-03T01:47:48.307Z: Sending email...
[DEBUG] 2025-06-03T01:47:48.308Z: Email content preview: "<!DOCTYPE html><html><body><div style=\"background-color:#F2F5F7;color:#242424;font-family:&quot;Helvetica Neue&quot;, &quot;Arial Nova&quot;, &quot;Nimbus Sans&quot;, Arial, sans-serif;font-size:16px;..."
[INFO] 2025-06-03T01:47:50.914Z: Email sent successfully: <d0da9eb3-5c82-fc4a-8315-b6087c551d7e@gmail.com>
[INFO] 2025-06-03T01:47:50.914Z: Successfully sent email, returning response
[INFO] 2025-06-03T02:26:32.595Z: POST /api/send-email
[INFO] 2025-06-03T02:26:32.597Z: Received request to /api/send-email
[DEBUG] 2025-06-03T02:26:32.597Z: Request body structure: {"hasRecipients":true,"hasSubject":true,"hasTemplate":true,"hasHtml":true,"hasJson":true}
[INFO] 2025-06-03T02:26:32.599Z: Validating email request
[INFO] 2025-06-03T02:26:32.599Z: Template HTML received (first 100 chars): <!DOCTYPE html><html><body><div style="background-color:#F5F5F5;color:#262626;font-family:&quot;Helv...
[INFO] 2025-06-03T02:26:32.600Z: Preparing to send email to: 772000946salahi@gmail.com, alihefnawey@gmail.com
[INFO] 2025-06-03T02:26:32.601Z: Creating email transporter
[INFO] 2025-06-03T02:26:32.610Z: Using default from address: 772000946salahi@gmail.com
[INFO] 2025-06-03T02:26:32.612Z: Sending email...
[DEBUG] 2025-06-03T02:26:32.613Z: Email content preview: "<!DOCTYPE html><html><body><div style=\"background-color:#F5F5F5;color:#262626;font-family:&quot;Helvetica Neue&quot;, &quot;Arial Nova&quot;, &quot;Nimbus Sans&quot;, Arial, sans-serif;font-size:16px;..."
[INFO] 2025-06-03T02:26:35.385Z: Email sent successfully: <98448c71-7a4c-8eae-be40-2500de44e6a7@gmail.com>
[INFO] 2025-06-03T02:26:35.386Z: Successfully sent email, returning response
[INFO] 2025-06-03T02:33:08.879Z: POST /api/send-email
[INFO] 2025-06-03T02:33:08.880Z: Received request to /api/send-email
[DEBUG] 2025-06-03T02:33:08.880Z: Request body structure: {"hasRecipients":true,"hasSubject":true,"hasTemplate":true,"hasHtml":true,"hasJson":true}
[INFO] 2025-06-03T02:33:08.881Z: Validating email request
[INFO] 2025-06-03T02:33:08.881Z: Template HTML received (first 100 chars): <!DOCTYPE html><html><body><div style="background-color:#000000;color:#FFFFFF;font-family:&quot;Iowa...
[INFO] 2025-06-03T02:33:08.882Z: Preparing to send email to: 772000946salahi@gmail.com
[INFO] 2025-06-03T02:33:08.882Z: Creating email transporter
[INFO] 2025-06-03T02:33:08.884Z: Using default from address: 772000946salahi@gmail.com
[INFO] 2025-06-03T02:33:08.884Z: Sending email...
[DEBUG] 2025-06-03T02:33:08.885Z: Email content preview: "<!DOCTYPE html><html><body><div style=\"background-color:#000000;color:#FFFFFF;font-family:&quot;Iowan Old Style&quot;, &quot;Palatino Linotype&quot;, &quot;URW Palladio L&quot;, P052, serif;font-size:..."
[INFO] 2025-06-03T02:33:11.517Z: Email sent successfully: <6a6b657a-f0e8-f745-f05b-a0ed7eb3d508@gmail.com>
[INFO] 2025-06-03T02:33:11.518Z: Successfully sent email, returning response
[INFO] 2025-06-03T03:25:22.558Z: POST /api/send-email
[INFO] 2025-06-03T03:25:22.563Z: Received request to /api/send-email
[DEBUG] 2025-06-03T03:25:22.563Z: Request body structure: {"hasRecipients":true,"hasSubject":true,"hasTemplate":true,"hasHtml":true,"hasJson":true}
[INFO] 2025-06-03T03:25:22.565Z: Validating email request
[INFO] 2025-06-03T03:25:22.567Z: Template HTML received (first 100 chars): <!DOCTYPE html><html><body><div style="background-color:#F2F5F7;color:#242424;font-family:&quot;Helv...
[INFO] 2025-06-03T03:25:22.567Z: Preparing to send email to: 772000946salahi@gmail.com
[INFO] 2025-06-03T03:25:22.568Z: Creating email transporter
[INFO] 2025-06-03T03:25:22.578Z: Using default from address: 772000946salahi@gmail.com
[INFO] 2025-06-03T03:25:22.578Z: Sending email...
[DEBUG] 2025-06-03T03:25:22.579Z: Email content preview: "<!DOCTYPE html><html><body><div style=\"background-color:#F2F5F7;color:#242424;font-family:&quot;Helvetica Neue&quot;, &quot;Arial Nova&quot;, &quot;Nimbus Sans&quot;, Arial, sans-serif;font-size:16px;..."
[INFO] 2025-06-03T03:25:25.354Z: Email sent successfully: <89e8f2d7-5d44-3c2e-6149-813c37c21c48@gmail.com>
[INFO] 2025-06-03T03:25:25.354Z: Successfully sent email, returning response
[INFO] 2025-06-03T03:46:19.181Z: POST /api/send-email
[INFO] 2025-06-03T03:46:19.182Z: Received request to /api/send-email
[DEBUG] 2025-06-03T03:46:19.183Z: Request body structure: {"hasRecipients":true,"hasSubject":true,"hasTemplate":true,"hasHtml":true,"hasJson":true}
[INFO] 2025-06-03T03:46:19.185Z: Validating email request
[INFO] 2025-06-03T03:46:19.186Z: Template HTML received (first 100 chars): <!DOCTYPE html><html><body><div style="background-color:#F2F5F7;color:#242424;font-family:&quot;Helv...
[INFO] 2025-06-03T03:46:19.187Z: Preparing to send email to: 772000946salahi@gmail.com, alihefnawey@gmail.com
[INFO] 2025-06-03T03:46:19.187Z: Creating email transporter
[INFO] 2025-06-03T03:46:19.188Z: Using default from address: 772000946salahi@gmail.com
[INFO] 2025-06-03T03:46:19.189Z: Sending email...
[DEBUG] 2025-06-03T03:46:19.190Z: Email content preview: "<!DOCTYPE html><html><body><div style=\"background-color:#F2F5F7;color:#242424;font-family:&quot;Helvetica Neue&quot;, &quot;Arial Nova&quot;, &quot;Nimbus Sans&quot;, Arial, sans-serif;font-size:16px;..."
[INFO] 2025-06-03T03:46:21.858Z: Email sent successfully: <c697d6dc-87db-7a22-269c-d47a0db7cf0e@gmail.com>
[INFO] 2025-06-03T03:46:21.858Z: Successfully sent email, returning response
[INFO] 2025-06-06T01:27:27.309Z: Server started successfully
[INFO] 2025-06-06T01:27:27.321Z: API server running on port 3001
[INFO] 2025-06-06T01:27:27.321Z: Email configuration: smtp.gmail.com:587
[INFO] 2025-06-06T01:27:27.322Z: Next.js API URL: http://localhost:3000
[INFO] 2025-06-06T01:27:27.322Z: Ready to receive requests from React frontend
[INFO] 2025-06-06T01:27:54.218Z: Server started successfully
[INFO] 2025-06-06T01:27:54.221Z: API server running on port 3001
[INFO] 2025-06-06T01:27:54.222Z: Email configuration: smtp.gmail.com:587
[INFO] 2025-06-06T01:27:54.222Z: Next.js API URL: http://localhost:3000
[INFO] 2025-06-06T01:27:54.241Z: Ready to receive requests from React frontend
[INFO] 2025-06-06T01:29:43.666Z: Server started successfully
[INFO] 2025-06-06T01:29:43.678Z: API server running on port 3001
[INFO] 2025-06-06T01:29:43.678Z: Email configuration: smtp.gmail.com:587
[INFO] 2025-06-06T01:29:43.679Z: Next.js API URL: http://localhost:3000
[INFO] 2025-06-06T01:29:43.679Z: Ready to receive requests from React frontend
[INFO] 2025-06-06T01:31:01.206Z: Server started successfully
[INFO] 2025-06-06T01:31:01.209Z: API server running on port 3001
[INFO] 2025-06-06T01:31:01.210Z: Email configuration: smtp.gmail.com:587
[INFO] 2025-06-06T01:31:01.210Z: Next.js API URL: http://localhost:3000
[INFO] 2025-06-06T01:31:01.211Z: Ready to receive requests from React frontend
[INFO] 2025-06-06T01:32:35.632Z: Server started successfully
[INFO] 2025-06-06T01:32:35.636Z: API server running on port 3001
[INFO] 2025-06-06T01:32:35.637Z: Email configuration: smtp.gmail.com:587
[INFO] 2025-06-06T01:32:35.637Z: Next.js API URL: http://localhost:3000
[INFO] 2025-06-06T01:32:35.638Z: Ready to receive requests from React frontend
[INFO] 2025-06-06T01:32:43.296Z: Server started successfully
[INFO] 2025-06-06T01:32:43.299Z: API server running on port 3001
[INFO] 2025-06-06T01:32:43.300Z: Email configuration: smtp.gmail.com:587
[INFO] 2025-06-06T01:32:43.300Z: Next.js API URL: http://localhost:3000
[INFO] 2025-06-06T01:32:43.301Z: Ready to receive requests from React frontend
[INFO] 2025-06-06T01:34:07.092Z: Server started successfully
[INFO] 2025-06-06T01:34:07.095Z: API server running on port 3001
[INFO] 2025-06-06T01:34:07.095Z: Email configuration: smtp.gmail.com:587
[INFO] 2025-06-06T01:34:07.096Z: Next.js API URL: http://localhost:3000
[INFO] 2025-06-06T01:34:07.096Z: Ready to receive requests from React frontend
[INFO] 2025-06-06T01:34:38.662Z: POST /api/send-email
[INFO] 2025-06-06T01:34:38.664Z: Received request to /api/send-email
[DEBUG] 2025-06-06T01:34:38.665Z: Request body structure: {"hasRecipients":true,"hasSubject":true,"hasTemplate":true,"hasHtml":true,"hasJson":true}
[INFO] 2025-06-06T01:34:38.670Z: Validating email request
[INFO] 2025-06-06T01:34:38.671Z: Template HTML received (first 100 chars): <!DOCTYPE html><html><body><div style="background-color:#F2F5F7;color:#242424;font-family:&quot;Helv...
[INFO] 2025-06-06T01:34:38.672Z: Preparing to send email to: 772000946salahi@gmail.com
[INFO] 2025-06-06T01:34:38.673Z: Creating email transporter
[INFO] 2025-06-06T01:34:38.682Z: Using default from address: 772000946salahi@gmail.com
[INFO] 2025-06-06T01:34:38.683Z: Sending email...
[DEBUG] 2025-06-06T01:34:38.684Z: Email content preview: "<!DOCTYPE html><html><body><div style=\"background-color:#F2F5F7;color:#242424;font-family:&quot;Helvetica Neue&quot;, &quot;Arial Nova&quot;, &quot;Nimbus Sans&quot;, Arial, sans-serif;font-size:16px;..."
[INFO] 2025-06-06T01:34:41.392Z: Email sent successfully: <c0a835db-cf2b-afad-6d7d-ed40cb761f0f@gmail.com>
[INFO] 2025-06-06T01:34:41.393Z: Successfully sent email, returning response
[INFO] 2025-06-10T09:44:57.842Z: Server started successfully
[INFO] 2025-06-10T09:44:57.846Z: API server running on port 3001
[INFO] 2025-06-10T09:44:57.847Z: Email configuration: smtp.gmail.com:587
[INFO] 2025-06-10T09:44:57.848Z: Next.js API URL: http://localhost:3000
[INFO] 2025-06-10T09:44:57.849Z: Ready to receive requests from React frontend
[INFO] 2025-06-10T09:45:02.609Z: POST /api/send-email
[INFO] 2025-06-10T09:45:02.611Z: Received request to /api/send-email
[DEBUG] 2025-06-10T09:45:02.612Z: Request body structure: {"hasRecipients":true,"hasSubject":true,"hasTemplate":true,"hasHtml":true,"hasJson":true}
[INFO] 2025-06-10T09:45:02.669Z: Validating email request
[INFO] 2025-06-10T09:45:02.670Z: Template HTML received (first 100 chars): <!DOCTYPE html><html><body><div style="background-color:#F2F5F7;color:#242424;font-family:&quot;Helv...
[INFO] 2025-06-10T09:45:02.672Z: Preparing to send email to: 772000946salahi@gmail.com
[INFO] 2025-06-10T09:45:02.672Z: Creating email transporter
[INFO] 2025-06-10T09:45:02.683Z: Using default from address: 772000946salahi@gmail.com
[INFO] 2025-06-10T09:45:02.684Z: Sending email...
[DEBUG] 2025-06-10T09:45:02.685Z: Email content preview: "<!DOCTYPE html><html><body><div style=\"background-color:#F2F5F7;color:#242424;font-family:&quot;Helvetica Neue&quot;, &quot;Arial Nova&quot;, &quot;Nimbus Sans&quot;, Arial, sans-serif;font-size:16px;..."
[INFO] 2025-06-10T09:45:06.263Z: Email sent successfully: <27b14da2-3d6f-0a68-f7c1-03d8e8db73ee@gmail.com>
[INFO] 2025-06-10T09:45:06.264Z: Successfully sent email, returning response
[INFO] 2025-06-10T09:55:45.023Z: POST /api/send-email
[INFO] 2025-06-10T09:55:45.040Z: Received request to /api/send-email
[DEBUG] 2025-06-10T09:55:45.041Z: Request body structure: {"hasRecipients":true,"hasSubject":true,"hasTemplate":true,"hasHtml":true,"hasJson":true}
[INFO] 2025-06-10T09:55:45.042Z: Validating email request
[INFO] 2025-06-10T09:55:45.044Z: Template HTML received (first 100 chars): <!DOCTYPE html><html><body><div style="background-color:#F2F5F7;color:#242424;font-family:&quot;Helv...
[INFO] 2025-06-10T09:55:45.045Z: Preparing to send email to: 772000946salahi@gmail.com
[INFO] 2025-06-10T09:55:45.046Z: Creating email transporter
[INFO] 2025-06-10T09:55:45.048Z: Using default from address: 772000946salahi@gmail.com
[INFO] 2025-06-10T09:55:45.049Z: Sending email...
[DEBUG] 2025-06-10T09:55:45.050Z: Email content preview: "<!DOCTYPE html><html><body><div style=\"background-color:#F2F5F7;color:#242424;font-family:&quot;Helvetica Neue&quot;, &quot;Arial Nova&quot;, &quot;Nimbus Sans&quot;, Arial, sans-serif;font-size:16px;..."
[INFO] 2025-06-10T09:55:47.730Z: Email sent successfully: <2081d35b-370a-c1b7-560d-797e7617a06a@gmail.com>
[INFO] 2025-06-10T09:55:47.731Z: Successfully sent email, returning response
